{"/workspace/cicd-pipeline-demo/server.js": {"path":"/workspace/cicd-pipeline-demo/server.js","statementMap":{"0":{"start":{"line":6,"column":16},"end":{"line":6,"column":34}},"1":{"start":{"line":7,"column":12},"end":{"line":7,"column":21}},"2":{"start":{"line":8,"column":13},"end":{"line":8,"column":37}},"3":{"start":{"line":11,"column":24},"end":{"line":11,"column":34}},"4":{"start":{"line":16,"column":0},"end":{"line":126,"column":3}},"5":{"start":{"line":17,"column":22},"end":{"line":17,"column":32}},"6":{"start":{"line":18,"column":17},"end":{"line":18,"column":67}},"7":{"start":{"line":20,"column":15},"end":{"line":123,"column":3}},"8":{"start":{"line":125,"column":2},"end":{"line":125,"column":17}},"9":{"start":{"line":132,"column":0},"end":{"line":139,"column":3}},"10":{"start":{"line":133,"column":2},"end":{"line":138,"column":5}},"11":{"start":{"line":144,"column":0},"end":{"line":150,"column":1}},"12":{"start":{"line":145,"column":2},"end":{"line":149,"column":5}},"13":{"start":{"line":146,"column":4},"end":{"line":146,"column":39}},"14":{"start":{"line":147,"column":4},"end":{"line":147,"column":53}},"15":{"start":{"line":148,"column":4},"end":{"line":148,"column":61}},"16":{"start":{"line":152,"column":0},"end":{"line":152,"column":21}}},"fnMap":{"0":{"name":"(anonymous_0)","decl":{"start":{"line":16,"column":13},"end":{"line":16,"column":14}},"loc":{"start":{"line":16,"column":27},"end":{"line":126,"column":1}},"line":16},"1":{"name":"(anonymous_1)","decl":{"start":{"line":132,"column":19},"end":{"line":132,"column":20}},"loc":{"start":{"line":132,"column":33},"end":{"line":139,"column":1}},"line":132},"2":{"name":"(anonymous_2)","decl":{"start":{"line":145,"column":28},"end":{"line":145,"column":29}},"loc":{"start":{"line":145,"column":34},"end":{"line":149,"column":3}},"line":145}},"branchMap":{"0":{"loc":{"start":{"line":8,"column":13},"end":{"line":8,"column":37}},"type":"binary-expr","locations":[{"start":{"line":8,"column":13},"end":{"line":8,"column":29}},{"start":{"line":8,"column":33},"end":{"line":8,"column":37}}],"line":8},"1":{"loc":{"start":{"line":144,"column":0},"end":{"line":150,"column":1}},"type":"if","locations":[{"start":{"line":144,"column":0},"end":{"line":150,"column":1}},{"start":{},"end":{}}],"line":144}},"s":{"0":1,"1":1,"2":1,"3":1,"4":1,"5":2,"6":2,"7":2,"8":2,"9":1,"10":2,"11":1,"12":0,"13":0,"14":0,"15":0,"16":1},"f":{"0":2,"1":2,"2":0},"b":{"0":[1,1],"1":[0,1]},"_coverageSchema":"1a1c01bbd47fc00a2c39e90264f33305004495a9","hash":"4f4094cda01e2c56c205b327c3326ce0dcd4c19a"}
}
